2020.01.25 11:30:34.162 1: Logfile gelöscht
2020.01.25 11:30:47.741 0: Server shutdown
2020.01.25 11:32:58.023 3: From the FHEM_GLOBALATTR environment: attr global pidfilename ./log/fhem.pid
2020.01.25 11:32:58.023 3: From the FHEM_GLOBALATTR environment: attr global updateInBackground 1
2020.01.25 11:32:58.023 3: From the FHEM_GLOBALATTR environment: attr global logfile ./log/fhem-%Y-%m.log
2020.01.25 11:32:58.023 3: From the FHEM_GLOBALATTR environment: attr global nofork 0
2020.01.25 11:32:58.024 1: Including fhem.cfg
2020.01.25 11:32:58.074 3: WEB: port 8083 opened
2020.01.25 11:32:58.083 2: eventTypes: loaded 50 events from ./log/eventTypes.txt
2020.01.25 11:32:58.158 3: AptToDate (fhemServerApt) - defined
2020.01.25 11:32:58.354 3: telnetPort: port 7072 opened
2020.01.25 11:32:58.386 3: freezemon defined freezemon freezemon
2020.01.25 11:32:58.386 1: Including ./log/fhem.save
2020.01.25 11:32:58.390 3: From the FHEM_GLOBALATTR environment: attr global pidfilename ./log/fhem.pid
2020.01.25 11:32:58.390 3: From the FHEM_GLOBALATTR environment: attr global updateInBackground 1
2020.01.25 11:32:58.390 3: From the FHEM_GLOBALATTR environment: attr global logfile ./log/fhem-%Y-%m.log
2020.01.25 11:32:58.390 3: From the FHEM_GLOBALATTR environment: attr global nofork 0
2020.01.25 11:32:59.058 1: usb create starting
2020.01.25 11:32:59.067 1: usb create end
2020.01.25 11:32:59.067 2: [Freezemon] freezemon: ready to watch out for delays greater than 1 second(s)
2020.01.25 11:32:59.067 0: Featurelevel: 5.9
2020.01.25 11:32:59.067 0: Server started with 93 defined entities (fhem.pl:21044/2020-01-24 perl:5.028001 os:linux user:fhem pid:3811)
2020.01.25 11:32:59.068 3: Opening MQTT_Broker device broker:1883
2020.01.25 11:32:59.071 3: MQTT_Broker device opened
2020.01.25 11:33:42.344 0: Server shutdown
2020.01.25 11:33:55.902 3: From the FHEM_GLOBALATTR environment: attr global updateInBackground 1
2020.01.25 11:33:55.902 3: From the FHEM_GLOBALATTR environment: attr global pidfilename ./log/fhem.pid
2020.01.25 11:33:55.902 3: From the FHEM_GLOBALATTR environment: attr global nofork 0
2020.01.25 11:33:55.903 3: From the FHEM_GLOBALATTR environment: attr global logfile ./log/fhem-%Y-%m.log
2020.01.25 11:33:55.904 1: Including fhem.cfg
2020.01.25 11:33:55.952 3: WEB: port 8083 opened
2020.01.25 11:33:55.962 2: eventTypes: loaded 50 events from ./log/eventTypes.txt
2020.01.25 11:33:56.036 3: AptToDate (fhemServerApt) - defined
2020.01.25 11:33:56.241 3: telnetPort: port 7072 opened
2020.01.25 11:33:56.273 3: freezemon defined freezemon freezemon
2020.01.25 11:33:56.273 1: Including ./log/fhem.save
2020.01.25 11:33:56.277 3: From the FHEM_GLOBALATTR environment: attr global updateInBackground 1
2020.01.25 11:33:56.277 3: From the FHEM_GLOBALATTR environment: attr global pidfilename ./log/fhem.pid
2020.01.25 11:33:56.277 3: From the FHEM_GLOBALATTR environment: attr global nofork 0
2020.01.25 11:33:56.277 3: From the FHEM_GLOBALATTR environment: attr global logfile ./log/fhem-%Y-%m.log
2020.01.25 11:33:56.949 1: usb create starting
2020.01.25 11:33:56.958 1: usb create end
2020.01.25 11:33:56.958 2: [Freezemon] freezemon: ready to watch out for delays greater than 1 second(s)
2020.01.25 11:33:56.958 0: Featurelevel: 5.9
2020.01.25 11:33:56.958 0: Server started with 93 defined entities (fhem.pl:21044/2020-01-24 perl:5.028001 os:linux user:fhem pid:3812)
2020.01.25 11:33:56.958 3: Opening MQTT_Broker device broker:1883
2020.01.25 11:33:56.962 1: MQTT_Broker: Can't connect to broker:1883: DNS: short DNS answer
2020.01.25 11:44:09.273 0: Server shutdown
2020.01.25 11:45:19.744 3: From the FHEM_GLOBALATTR environment: attr global pidfilename ./log/fhem.pid
2020.01.25 11:45:19.744 3: From the FHEM_GLOBALATTR environment: attr global nofork 0
2020.01.25 11:45:19.744 3: From the FHEM_GLOBALATTR environment: attr global updateInBackground 1
2020.01.25 11:45:19.744 3: From the FHEM_GLOBALATTR environment: attr global logfile ./log/fhem-%Y-%m.log
2020.01.25 11:45:19.746 1: Including fhem.cfg
2020.01.25 11:45:19.796 3: WEB: port 8083 opened
2020.01.25 11:45:19.805 2: eventTypes: loaded 50 events from ./log/eventTypes.txt
2020.01.25 11:45:19.877 3: AptToDate (fhemServerApt) - defined
2020.01.25 11:45:20.070 3: telnetPort: port 7072 opened
2020.01.25 11:45:20.098 3: freezemon defined freezemon freezemon
2020.01.25 11:45:20.098 1: Including ./log/fhem.save
2020.01.25 11:45:20.102 3: From the FHEM_GLOBALATTR environment: attr global pidfilename ./log/fhem.pid
2020.01.25 11:45:20.102 3: From the FHEM_GLOBALATTR environment: attr global nofork 0
2020.01.25 11:45:20.102 3: From the FHEM_GLOBALATTR environment: attr global updateInBackground 1
2020.01.25 11:45:20.102 3: From the FHEM_GLOBALATTR environment: attr global logfile ./log/fhem-%Y-%m.log
2020.01.25 11:45:20.740 1: usb create starting
2020.01.25 11:45:20.749 1: usb create end
2020.01.25 11:45:20.749 2: [Freezemon] freezemon: ready to watch out for delays greater than 1 second(s)
2020.01.25 11:45:20.749 0: Featurelevel: 5.9
2020.01.25 11:45:20.749 0: Server started with 93 defined entities (fhem.pl:21044/2020-01-24 perl:5.028001 os:linux user:fhem pid:4573)
2020.01.25 11:45:20.753 1: broker:1883 reappeared (MQTT_Broker)
2020.01.25 11:45:46.170 0: Server shutdown
2020.01.25 11:47:09.463 3: From the FHEM_GLOBALATTR environment: attr global updateInBackground 1
2020.01.25 11:47:09.463 3: From the FHEM_GLOBALATTR environment: attr global nofork 0
2020.01.25 11:47:09.463 3: From the FHEM_GLOBALATTR environment: attr global pidfilename ./log/fhem.pid
2020.01.25 11:47:09.463 3: From the FHEM_GLOBALATTR environment: attr global logfile ./log/fhem-%Y-%m.log
2020.01.25 11:47:09.464 1: Including fhem.cfg
2020.01.25 11:47:09.516 3: WEB: port 8083 opened
2020.01.25 11:47:09.526 2: eventTypes: loaded 50 events from ./log/eventTypes.txt
2020.01.25 11:47:09.601 3: AptToDate (fhemServerApt) - defined
2020.01.25 11:47:09.791 3: telnetPort: port 7072 opened
2020.01.25 11:47:09.821 3: freezemon defined freezemon freezemon
2020.01.25 11:47:09.821 1: Including ./log/fhem.save
2020.01.25 11:47:09.825 3: From the FHEM_GLOBALATTR environment: attr global updateInBackground 1
2020.01.25 11:47:09.825 3: From the FHEM_GLOBALATTR environment: attr global nofork 0
2020.01.25 11:47:09.825 3: From the FHEM_GLOBALATTR environment: attr global pidfilename ./log/fhem.pid
2020.01.25 11:47:09.825 3: From the FHEM_GLOBALATTR environment: attr global logfile ./log/fhem-%Y-%m.log
2020.01.25 11:47:10.491 1: usb create starting
2020.01.25 11:47:10.500 1: usb create end
2020.01.25 11:47:10.500 2: [Freezemon] freezemon: ready to watch out for delays greater than 1 second(s)
2020.01.25 11:47:10.500 0: Featurelevel: 5.9
2020.01.25 11:47:10.500 0: Server started with 93 defined entities (fhem.pl:21044/2020-01-24 perl:5.028001 os:linux user:fhem pid:3811)
2020.01.25 11:47:10.501 3: Opening MQTT_Broker device broker:1883
2020.01.25 11:47:10.504 3: MQTT_Broker device opened
2020.01.25 11:47:19.262 0: Server shutdown
